<?xml version="1.0" encoding="utf-8" standalone="no"?>
<!--This file represents the results of running a test suite-->
<test-results name="C:\dev\Hello.System\test\Hello.System.Tests.dll" total="1" errors="0" failures="0" not-run="0" inconclusive="0" ignored="0" skipped="0" invalid="0" date="2015-05-19" time="21:12:29">
  <environment nunit-version="2.6.4.14350" clr-version="2.0.50727.8009" os-version="Microsoft Windows NT 6.2.9200.0" platform="Win32NT" cwd="C:\dev\Hello.System" machine-name="DARTHVADER" user="Info" user-domain="DARTHVADER" />
  <culture-info current-culture="en-GB" current-uiculture="en-GB" />
  <test-suite type="Assembly" name="C:\dev\Hello.System\test\Hello.System.Tests.dll" executed="True" result="Success" success="True" time="0.047" asserts="0">
    <results>
      <test-suite type="Namespace" name="Hello" executed="True" result="Success" success="True" time="0.035" asserts="0">
        <results>
          <test-suite type="Namespace" name="System" executed="True" result="Success" success="True" time="0.034" asserts="0">
            <results>
              <test-suite type="Namespace" name="Tests" executed="True" result="Success" success="True" time="0.034" asserts="0">
                <results>
                  <test-suite type="TestFixture" name="When_saying_hello" executed="True" result="Success" success="True" time="0.032" asserts="0">
                    <results>
                      <test-case name="Hello.System.Tests.When_saying_hello.Should_Greet_The_User" executed="True" result="Success" success="True" time="0.024" asserts="1" />
                    </results>
                  </test-suite>
                </results>
              </test-suite>
            </results>
          </test-suite>
        </results>
      </test-suite>
    </results>
  </test-suite>
</test-results>